<?xml version="1.0" encoding="UTF-8"?>
<testsuite xmlns:xsi="http://www.w3.org/2001/XMLSchema-instance" xsi:noNamespaceSchemaLocation="https://maven.apache.org/surefire/maven-surefire-plugin/xsd/surefire-test-report-3.0.xsd" version="3.0" name="notes.security.SecurityTests" time="4.295" tests="5" errors="0" skipped="0" failures="0">
  <properties>
    <property name="java.specification.version" value="21"/>
    <property name="sun.jnu.encoding" value="UTF-8"/>
    <property name="java.class.path" value="/Users/lauritz/Documents/Dev/CodeProjects/NotesApplication/Notes-Backend/target/test-classes:/Users/lauritz/Documents/Dev/CodeProjects/NotesApplication/Notes-Backend/target/classes:/Users/lauritz/.m2/repository/io/javalin/javalin/5.5.0/javalin-5.5.0.jar:/Users/lauritz/.m2/repository/org/slf4j/slf4j-api/2.0.7/slf4j-api-2.0.7.jar:/Users/lauritz/.m2/repository/org/eclipse/jetty/jetty-server/11.0.15/jetty-server-11.0.15.jar:/Users/lauritz/.m2/repository/org/eclipse/jetty/toolchain/jetty-jakarta-servlet-api/5.0.2/jetty-jakarta-servlet-api-5.0.2.jar:/Users/lauritz/.m2/repository/org/eclipse/jetty/jetty-http/11.0.15/jetty-http-11.0.15.jar:/Users/lauritz/.m2/repository/org/eclipse/jetty/jetty-util/11.0.15/jetty-util-11.0.15.jar:/Users/lauritz/.m2/repository/org/eclipse/jetty/jetty-io/11.0.15/jetty-io-11.0.15.jar:/Users/lauritz/.m2/repository/org/eclipse/jetty/jetty-webapp/11.0.15/jetty-webapp-11.0.15.jar:/Users/lauritz/.m2/repository/org/eclipse/jetty/jetty-servlet/11.0.15/jetty-servlet-11.0.15.jar:/Users/lauritz/.m2/repository/org/eclipse/jetty/jetty-security/11.0.15/jetty-security-11.0.15.jar:/Users/lauritz/.m2/repository/org/eclipse/jetty/jetty-xml/11.0.15/jetty-xml-11.0.15.jar:/Users/lauritz/.m2/repository/org/eclipse/jetty/websocket/websocket-jetty-server/11.0.15/websocket-jetty-server-11.0.15.jar:/Users/lauritz/.m2/repository/org/eclipse/jetty/websocket/websocket-jetty-common/11.0.15/websocket-jetty-common-11.0.15.jar:/Users/lauritz/.m2/repository/org/eclipse/jetty/websocket/websocket-core-common/11.0.15/websocket-core-common-11.0.15.jar:/Users/lauritz/.m2/repository/org/eclipse/jetty/websocket/websocket-servlet/11.0.15/websocket-servlet-11.0.15.jar:/Users/lauritz/.m2/repository/org/eclipse/jetty/websocket/websocket-core-server/11.0.15/websocket-core-server-11.0.15.jar:/Users/lauritz/.m2/repository/org/eclipse/jetty/jetty-annotations/11.0.15/jetty-annotations-11.0.15.jar:/Users/lauritz/.m2/repository/org/eclipse/jetty/jetty-plus/11.0.15/jetty-plus-11.0.15.jar:/Users/lauritz/.m2/repository/org/eclipse/jetty/jetty-jndi/11.0.15/jetty-jndi-11.0.15.jar:/Users/lauritz/.m2/repository/jakarta/annotation/jakarta.annotation-api/2.1.1/jakarta.annotation-api-2.1.1.jar:/Users/lauritz/.m2/repository/org/ow2/asm/asm/9.5/asm-9.5.jar:/Users/lauritz/.m2/repository/org/ow2/asm/asm-commons/9.5/asm-commons-9.5.jar:/Users/lauritz/.m2/repository/org/ow2/asm/asm-tree/9.5/asm-tree-9.5.jar:/Users/lauritz/.m2/repository/org/eclipse/jetty/websocket/websocket-jetty-api/11.0.15/websocket-jetty-api-11.0.15.jar:/Users/lauritz/.m2/repository/org/jetbrains/kotlin/kotlin-stdlib-jdk8/1.8.21/kotlin-stdlib-jdk8-1.8.21.jar:/Users/lauritz/.m2/repository/org/jetbrains/kotlin/kotlin-stdlib/1.8.21/kotlin-stdlib-1.8.21.jar:/Users/lauritz/.m2/repository/org/jetbrains/kotlin/kotlin-stdlib-common/1.8.21/kotlin-stdlib-common-1.8.21.jar:/Users/lauritz/.m2/repository/org/jetbrains/kotlin/kotlin-stdlib-jdk7/1.8.21/kotlin-stdlib-jdk7-1.8.21.jar:/Users/lauritz/.m2/repository/org/slf4j/slf4j-simple/2.0.7/slf4j-simple-2.0.7.jar:/Users/lauritz/.m2/repository/org/projectlombok/lombok/1.18.28/lombok-1.18.28.jar:/Users/lauritz/.m2/repository/com/fasterxml/jackson/dataformat/jackson-dataformat-xml/2.16.0/jackson-dataformat-xml-2.16.0.jar:/Users/lauritz/.m2/repository/com/fasterxml/jackson/core/jackson-core/2.16.0/jackson-core-2.16.0.jar:/Users/lauritz/.m2/repository/com/fasterxml/jackson/core/jackson-annotations/2.16.0/jackson-annotations-2.16.0.jar:/Users/lauritz/.m2/repository/com/fasterxml/jackson/core/jackson-databind/2.16.0/jackson-databind-2.16.0.jar:/Users/lauritz/.m2/repository/org/codehaus/woodstox/stax2-api/4.2.1/stax2-api-4.2.1.jar:/Users/lauritz/.m2/repository/com/fasterxml/woodstox/woodstox-core/6.5.1/woodstox-core-6.5.1.jar:/Users/lauritz/.m2/repository/org/postgresql/postgresql/42.6.0/postgresql-42.6.0.jar:/Users/lauritz/.m2/repository/org/checkerframework/checker-qual/3.31.0/checker-qual-3.31.0.jar:/Users/lauritz/.m2/repository/org/hibernate/orm/hibernate-core/6.2.4.Final/hibernate-core-6.2.4.Final.jar:/Users/lauritz/.m2/repository/jakarta/persistence/jakarta.persistence-api/3.1.0/jakarta.persistence-api-3.1.0.jar:/Users/lauritz/.m2/repository/jakarta/transaction/jakarta.transaction-api/2.0.1/jakarta.transaction-api-2.0.1.jar:/Users/lauritz/.m2/repository/org/jboss/logging/jboss-logging/3.5.0.Final/jboss-logging-3.5.0.Final.jar:/Users/lauritz/.m2/repository/org/hibernate/common/hibernate-commons-annotations/6.0.6.Final/hibernate-commons-annotations-6.0.6.Final.jar:/Users/lauritz/.m2/repository/io/smallrye/jandex/3.0.5/jandex-3.0.5.jar:/Users/lauritz/.m2/repository/com/fasterxml/classmate/1.5.1/classmate-1.5.1.jar:/Users/lauritz/.m2/repository/net/bytebuddy/byte-buddy/1.12.18/byte-buddy-1.12.18.jar:/Users/lauritz/.m2/repository/jakarta/xml/bind/jakarta.xml.bind-api/4.0.0/jakarta.xml.bind-api-4.0.0.jar:/Users/lauritz/.m2/repository/jakarta/activation/jakarta.activation-api/2.1.0/jakarta.activation-api-2.1.0.jar:/Users/lauritz/.m2/repository/org/glassfish/jaxb/jaxb-runtime/4.0.2/jaxb-runtime-4.0.2.jar:/Users/lauritz/.m2/repository/org/glassfish/jaxb/jaxb-core/4.0.2/jaxb-core-4.0.2.jar:/Users/lauritz/.m2/repository/org/eclipse/angus/angus-activation/2.0.0/angus-activation-2.0.0.jar:/Users/lauritz/.m2/repository/org/glassfish/jaxb/txw2/4.0.2/txw2-4.0.2.jar:/Users/lauritz/.m2/repository/com/sun/istack/istack-commons-runtime/4.1.1/istack-commons-runtime-4.1.1.jar:/Users/lauritz/.m2/repository/jakarta/inject/jakarta.inject-api/2.0.1/jakarta.inject-api-2.0.1.jar:/Users/lauritz/.m2/repository/org/antlr/antlr4-runtime/4.10.1/antlr4-runtime-4.10.1.jar:/Users/lauritz/.m2/repository/org/hamcrest/java-hamcrest/2.0.0.0/java-hamcrest-2.0.0.0.jar:/Users/lauritz/.m2/repository/io/rest-assured/rest-assured/5.3.2/rest-assured-5.3.2.jar:/Users/lauritz/.m2/repository/org/apache/groovy/groovy/4.0.11/groovy-4.0.11.jar:/Users/lauritz/.m2/repository/org/apache/groovy/groovy-xml/4.0.11/groovy-xml-4.0.11.jar:/Users/lauritz/.m2/repository/org/apache/httpcomponents/httpclient/4.5.13/httpclient-4.5.13.jar:/Users/lauritz/.m2/repository/org/apache/httpcomponents/httpcore/4.4.13/httpcore-4.4.13.jar:/Users/lauritz/.m2/repository/commons-logging/commons-logging/1.2/commons-logging-1.2.jar:/Users/lauritz/.m2/repository/commons-codec/commons-codec/1.11/commons-codec-1.11.jar:/Users/lauritz/.m2/repository/org/apache/httpcomponents/httpmime/4.5.13/httpmime-4.5.13.jar:/Users/lauritz/.m2/repository/org/hamcrest/hamcrest/2.2/hamcrest-2.2.jar:/Users/lauritz/.m2/repository/org/ccil/cowan/tagsoup/tagsoup/1.2.1/tagsoup-1.2.1.jar:/Users/lauritz/.m2/repository/io/rest-assured/json-path/5.3.2/json-path-5.3.2.jar:/Users/lauritz/.m2/repository/org/apache/groovy/groovy-json/4.0.11/groovy-json-4.0.11.jar:/Users/lauritz/.m2/repository/io/rest-assured/rest-assured-common/5.3.2/rest-assured-common-5.3.2.jar:/Users/lauritz/.m2/repository/io/rest-assured/xml-path/5.3.2/xml-path-5.3.2.jar:/Users/lauritz/.m2/repository/org/apache/commons/commons-lang3/3.11/commons-lang3-3.11.jar:/Users/lauritz/.m2/repository/io/rest-assured/json-schema-validator/5.3.2/json-schema-validator-5.3.2.jar:/Users/lauritz/.m2/repository/com/github/java-json-tools/json-schema-validator/2.2.14/json-schema-validator-2.2.14.jar:/Users/lauritz/.m2/repository/com/github/java-json-tools/jackson-coreutils-equivalence/1.0/jackson-coreutils-equivalence-1.0.jar:/Users/lauritz/.m2/repository/com/github/java-json-tools/jackson-coreutils/2.0/jackson-coreutils-2.0.jar:/Users/lauritz/.m2/repository/com/github/java-json-tools/msg-simple/1.2/msg-simple-1.2.jar:/Users/lauritz/.m2/repository/com/github/java-json-tools/btf/1.3/btf-1.3.jar:/Users/lauritz/.m2/repository/com/github/java-json-tools/json-schema-core/1.2.14/json-schema-core-1.2.14.jar:/Users/lauritz/.m2/repository/com/github/java-json-tools/uri-template/0.10/uri-template-0.10.jar:/Users/lauritz/.m2/repository/org/mozilla/rhino/1.7.7.2/rhino-1.7.7.2.jar:/Users/lauritz/.m2/repository/com/sun/mail/mailapi/1.6.2/mailapi-1.6.2.jar:/Users/lauritz/.m2/repository/joda-time/joda-time/2.10.5/joda-time-2.10.5.jar:/Users/lauritz/.m2/repository/com/googlecode/libphonenumber/libphonenumber/8.11.1/libphonenumber-8.11.1.jar:/Users/lauritz/.m2/repository/com/google/code/findbugs/jsr305/3.0.2/jsr305-3.0.2.jar:/Users/lauritz/.m2/repository/net/sf/jopt-simple/jopt-simple/5.0.4/jopt-simple-5.0.4.jar:/Users/lauritz/.m2/repository/com/google/guava/guava/32.0.1-jre/guava-32.0.1-jre.jar:/Users/lauritz/.m2/repository/com/google/guava/failureaccess/1.0.1/failureaccess-1.0.1.jar:/Users/lauritz/.m2/repository/com/google/guava/listenablefuture/9999.0-empty-to-avoid-conflict-with-guava/listenablefuture-9999.0-empty-to-avoid-conflict-with-guava.jar:/Users/lauritz/.m2/repository/com/google/errorprone/error_prone_annotations/2.18.0/error_prone_annotations-2.18.0.jar:/Users/lauritz/.m2/repository/com/google/j2objc/j2objc-annotations/2.8/j2objc-annotations-2.8.jar:/Users/lauritz/.m2/repository/org/mindrot/jbcrypt/0.4/jbcrypt-0.4.jar:/Users/lauritz/.m2/repository/com/nimbusds/nimbus-jose-jwt/9.10/nimbus-jose-jwt-9.10.jar:/Users/lauritz/.m2/repository/com/github/stephenc/jcip/jcip-annotations/1.0-1/jcip-annotations-1.0-1.jar:/Users/lauritz/.m2/repository/org/junit/jupiter/junit-jupiter-api/5.7.2/junit-jupiter-api-5.7.2.jar:/Users/lauritz/.m2/repository/org/apiguardian/apiguardian-api/1.1.0/apiguardian-api-1.1.0.jar:/Users/lauritz/.m2/repository/org/opentest4j/opentest4j/1.2.0/opentest4j-1.2.0.jar:/Users/lauritz/.m2/repository/org/junit/platform/junit-platform-commons/1.7.2/junit-platform-commons-1.7.2.jar:/Users/lauritz/.m2/repository/org/junit/jupiter/junit-jupiter-engine/5.7.2/junit-jupiter-engine-5.7.2.jar:/Users/lauritz/.m2/repository/org/junit/platform/junit-platform-engine/1.7.2/junit-platform-engine-1.7.2.jar:/Users/lauritz/.m2/repository/org/junit/jupiter/junit-jupiter-params/5.7.2/junit-jupiter-params-5.7.2.jar:/Users/lauritz/.m2/repository/org/hamcrest/hamcrest-library/1.3/hamcrest-library-1.3.jar:/Users/lauritz/.m2/repository/org/hamcrest/hamcrest-core/1.3/hamcrest-core-1.3.jar:/Users/lauritz/.m2/repository/org/testcontainers/testcontainers/1.19.5/testcontainers-1.19.5.jar:/Users/lauritz/.m2/repository/junit/junit/4.13.2/junit-4.13.2.jar:/Users/lauritz/.m2/repository/org/apache/commons/commons-compress/1.24.0/commons-compress-1.24.0.jar:/Users/lauritz/.m2/repository/org/rnorth/duct-tape/duct-tape/1.0.8/duct-tape-1.0.8.jar:/Users/lauritz/.m2/repository/org/jetbrains/annotations/17.0.0/annotations-17.0.0.jar:/Users/lauritz/.m2/repository/com/github/docker-java/docker-java-api/3.3.4/docker-java-api-3.3.4.jar:/Users/lauritz/.m2/repository/com/github/docker-java/docker-java-transport-zerodep/3.3.4/docker-java-transport-zerodep-3.3.4.jar:/Users/lauritz/.m2/repository/com/github/docker-java/docker-java-transport/3.3.4/docker-java-transport-3.3.4.jar:/Users/lauritz/.m2/repository/net/java/dev/jna/jna/5.13.0/jna-5.13.0.jar:/Users/lauritz/.m2/repository/org/testcontainers/postgresql/1.19.5/postgresql-1.19.5.jar:/Users/lauritz/.m2/repository/org/testcontainers/jdbc/1.19.5/jdbc-1.19.5.jar:/Users/lauritz/.m2/repository/org/testcontainers/database-commons/1.19.5/database-commons-1.19.5.jar:/Users/lauritz/.m2/repository/org/testcontainers/junit-jupiter/1.19.5/junit-jupiter-1.19.5.jar:"/>
    <property name="java.vm.vendor" value="Homebrew"/>
    <property name="sun.arch.data.model" value="64"/>
    <property name="java.vendor.url" value="https://github.com/Homebrew/homebrew-core/issues"/>
    <property name="user.timezone" value="Europe/Copenhagen"/>
    <property name="os.name" value="Mac OS X"/>
    <property name="java.vm.specification.version" value="21"/>
    <property name="sun.java.launcher" value="SUN_STANDARD"/>
    <property name="user.country" value="US"/>
    <property name="sun.boot.library.path" value="/opt/homebrew/Cellar/openjdk/21.0.3/libexec/openjdk.jdk/Contents/Home/lib"/>
    <property name="sun.java.command" value="/Users/lauritz/Documents/Dev/CodeProjects/NotesApplication/Notes-Backend/target/surefire/surefirebooter-20240530230803942_3.jar /Users/lauritz/Documents/Dev/CodeProjects/NotesApplication/Notes-Backend/target/surefire 2024-05-30T23-08-03_905-jvmRun1 surefire-20240530230803942_1tmp surefire_0-20240530230803942_2tmp"/>
    <property name="http.nonProxyHosts" value="local|*.local|169.254/16|*.169.254/16"/>
    <property name="jdk.debug" value="release"/>
    <property name="surefire.test.class.path" value="/Users/lauritz/Documents/Dev/CodeProjects/NotesApplication/Notes-Backend/target/test-classes:/Users/lauritz/Documents/Dev/CodeProjects/NotesApplication/Notes-Backend/target/classes:/Users/lauritz/.m2/repository/io/javalin/javalin/5.5.0/javalin-5.5.0.jar:/Users/lauritz/.m2/repository/org/slf4j/slf4j-api/2.0.7/slf4j-api-2.0.7.jar:/Users/lauritz/.m2/repository/org/eclipse/jetty/jetty-server/11.0.15/jetty-server-11.0.15.jar:/Users/lauritz/.m2/repository/org/eclipse/jetty/toolchain/jetty-jakarta-servlet-api/5.0.2/jetty-jakarta-servlet-api-5.0.2.jar:/Users/lauritz/.m2/repository/org/eclipse/jetty/jetty-http/11.0.15/jetty-http-11.0.15.jar:/Users/lauritz/.m2/repository/org/eclipse/jetty/jetty-util/11.0.15/jetty-util-11.0.15.jar:/Users/lauritz/.m2/repository/org/eclipse/jetty/jetty-io/11.0.15/jetty-io-11.0.15.jar:/Users/lauritz/.m2/repository/org/eclipse/jetty/jetty-webapp/11.0.15/jetty-webapp-11.0.15.jar:/Users/lauritz/.m2/repository/org/eclipse/jetty/jetty-servlet/11.0.15/jetty-servlet-11.0.15.jar:/Users/lauritz/.m2/repository/org/eclipse/jetty/jetty-security/11.0.15/jetty-security-11.0.15.jar:/Users/lauritz/.m2/repository/org/eclipse/jetty/jetty-xml/11.0.15/jetty-xml-11.0.15.jar:/Users/lauritz/.m2/repository/org/eclipse/jetty/websocket/websocket-jetty-server/11.0.15/websocket-jetty-server-11.0.15.jar:/Users/lauritz/.m2/repository/org/eclipse/jetty/websocket/websocket-jetty-common/11.0.15/websocket-jetty-common-11.0.15.jar:/Users/lauritz/.m2/repository/org/eclipse/jetty/websocket/websocket-core-common/11.0.15/websocket-core-common-11.0.15.jar:/Users/lauritz/.m2/repository/org/eclipse/jetty/websocket/websocket-servlet/11.0.15/websocket-servlet-11.0.15.jar:/Users/lauritz/.m2/repository/org/eclipse/jetty/websocket/websocket-core-server/11.0.15/websocket-core-server-11.0.15.jar:/Users/lauritz/.m2/repository/org/eclipse/jetty/jetty-annotations/11.0.15/jetty-annotations-11.0.15.jar:/Users/lauritz/.m2/repository/org/eclipse/jetty/jetty-plus/11.0.15/jetty-plus-11.0.15.jar:/Users/lauritz/.m2/repository/org/eclipse/jetty/jetty-jndi/11.0.15/jetty-jndi-11.0.15.jar:/Users/lauritz/.m2/repository/jakarta/annotation/jakarta.annotation-api/2.1.1/jakarta.annotation-api-2.1.1.jar:/Users/lauritz/.m2/repository/org/ow2/asm/asm/9.5/asm-9.5.jar:/Users/lauritz/.m2/repository/org/ow2/asm/asm-commons/9.5/asm-commons-9.5.jar:/Users/lauritz/.m2/repository/org/ow2/asm/asm-tree/9.5/asm-tree-9.5.jar:/Users/lauritz/.m2/repository/org/eclipse/jetty/websocket/websocket-jetty-api/11.0.15/websocket-jetty-api-11.0.15.jar:/Users/lauritz/.m2/repository/org/jetbrains/kotlin/kotlin-stdlib-jdk8/1.8.21/kotlin-stdlib-jdk8-1.8.21.jar:/Users/lauritz/.m2/repository/org/jetbrains/kotlin/kotlin-stdlib/1.8.21/kotlin-stdlib-1.8.21.jar:/Users/lauritz/.m2/repository/org/jetbrains/kotlin/kotlin-stdlib-common/1.8.21/kotlin-stdlib-common-1.8.21.jar:/Users/lauritz/.m2/repository/org/jetbrains/kotlin/kotlin-stdlib-jdk7/1.8.21/kotlin-stdlib-jdk7-1.8.21.jar:/Users/lauritz/.m2/repository/org/slf4j/slf4j-simple/2.0.7/slf4j-simple-2.0.7.jar:/Users/lauritz/.m2/repository/org/projectlombok/lombok/1.18.28/lombok-1.18.28.jar:/Users/lauritz/.m2/repository/com/fasterxml/jackson/dataformat/jackson-dataformat-xml/2.16.0/jackson-dataformat-xml-2.16.0.jar:/Users/lauritz/.m2/repository/com/fasterxml/jackson/core/jackson-core/2.16.0/jackson-core-2.16.0.jar:/Users/lauritz/.m2/repository/com/fasterxml/jackson/core/jackson-annotations/2.16.0/jackson-annotations-2.16.0.jar:/Users/lauritz/.m2/repository/com/fasterxml/jackson/core/jackson-databind/2.16.0/jackson-databind-2.16.0.jar:/Users/lauritz/.m2/repository/org/codehaus/woodstox/stax2-api/4.2.1/stax2-api-4.2.1.jar:/Users/lauritz/.m2/repository/com/fasterxml/woodstox/woodstox-core/6.5.1/woodstox-core-6.5.1.jar:/Users/lauritz/.m2/repository/org/postgresql/postgresql/42.6.0/postgresql-42.6.0.jar:/Users/lauritz/.m2/repository/org/checkerframework/checker-qual/3.31.0/checker-qual-3.31.0.jar:/Users/lauritz/.m2/repository/org/hibernate/orm/hibernate-core/6.2.4.Final/hibernate-core-6.2.4.Final.jar:/Users/lauritz/.m2/repository/jakarta/persistence/jakarta.persistence-api/3.1.0/jakarta.persistence-api-3.1.0.jar:/Users/lauritz/.m2/repository/jakarta/transaction/jakarta.transaction-api/2.0.1/jakarta.transaction-api-2.0.1.jar:/Users/lauritz/.m2/repository/org/jboss/logging/jboss-logging/3.5.0.Final/jboss-logging-3.5.0.Final.jar:/Users/lauritz/.m2/repository/org/hibernate/common/hibernate-commons-annotations/6.0.6.Final/hibernate-commons-annotations-6.0.6.Final.jar:/Users/lauritz/.m2/repository/io/smallrye/jandex/3.0.5/jandex-3.0.5.jar:/Users/lauritz/.m2/repository/com/fasterxml/classmate/1.5.1/classmate-1.5.1.jar:/Users/lauritz/.m2/repository/net/bytebuddy/byte-buddy/1.12.18/byte-buddy-1.12.18.jar:/Users/lauritz/.m2/repository/jakarta/xml/bind/jakarta.xml.bind-api/4.0.0/jakarta.xml.bind-api-4.0.0.jar:/Users/lauritz/.m2/repository/jakarta/activation/jakarta.activation-api/2.1.0/jakarta.activation-api-2.1.0.jar:/Users/lauritz/.m2/repository/org/glassfish/jaxb/jaxb-runtime/4.0.2/jaxb-runtime-4.0.2.jar:/Users/lauritz/.m2/repository/org/glassfish/jaxb/jaxb-core/4.0.2/jaxb-core-4.0.2.jar:/Users/lauritz/.m2/repository/org/eclipse/angus/angus-activation/2.0.0/angus-activation-2.0.0.jar:/Users/lauritz/.m2/repository/org/glassfish/jaxb/txw2/4.0.2/txw2-4.0.2.jar:/Users/lauritz/.m2/repository/com/sun/istack/istack-commons-runtime/4.1.1/istack-commons-runtime-4.1.1.jar:/Users/lauritz/.m2/repository/jakarta/inject/jakarta.inject-api/2.0.1/jakarta.inject-api-2.0.1.jar:/Users/lauritz/.m2/repository/org/antlr/antlr4-runtime/4.10.1/antlr4-runtime-4.10.1.jar:/Users/lauritz/.m2/repository/org/hamcrest/java-hamcrest/2.0.0.0/java-hamcrest-2.0.0.0.jar:/Users/lauritz/.m2/repository/io/rest-assured/rest-assured/5.3.2/rest-assured-5.3.2.jar:/Users/lauritz/.m2/repository/org/apache/groovy/groovy/4.0.11/groovy-4.0.11.jar:/Users/lauritz/.m2/repository/org/apache/groovy/groovy-xml/4.0.11/groovy-xml-4.0.11.jar:/Users/lauritz/.m2/repository/org/apache/httpcomponents/httpclient/4.5.13/httpclient-4.5.13.jar:/Users/lauritz/.m2/repository/org/apache/httpcomponents/httpcore/4.4.13/httpcore-4.4.13.jar:/Users/lauritz/.m2/repository/commons-logging/commons-logging/1.2/commons-logging-1.2.jar:/Users/lauritz/.m2/repository/commons-codec/commons-codec/1.11/commons-codec-1.11.jar:/Users/lauritz/.m2/repository/org/apache/httpcomponents/httpmime/4.5.13/httpmime-4.5.13.jar:/Users/lauritz/.m2/repository/org/hamcrest/hamcrest/2.2/hamcrest-2.2.jar:/Users/lauritz/.m2/repository/org/ccil/cowan/tagsoup/tagsoup/1.2.1/tagsoup-1.2.1.jar:/Users/lauritz/.m2/repository/io/rest-assured/json-path/5.3.2/json-path-5.3.2.jar:/Users/lauritz/.m2/repository/org/apache/groovy/groovy-json/4.0.11/groovy-json-4.0.11.jar:/Users/lauritz/.m2/repository/io/rest-assured/rest-assured-common/5.3.2/rest-assured-common-5.3.2.jar:/Users/lauritz/.m2/repository/io/rest-assured/xml-path/5.3.2/xml-path-5.3.2.jar:/Users/lauritz/.m2/repository/org/apache/commons/commons-lang3/3.11/commons-lang3-3.11.jar:/Users/lauritz/.m2/repository/io/rest-assured/json-schema-validator/5.3.2/json-schema-validator-5.3.2.jar:/Users/lauritz/.m2/repository/com/github/java-json-tools/json-schema-validator/2.2.14/json-schema-validator-2.2.14.jar:/Users/lauritz/.m2/repository/com/github/java-json-tools/jackson-coreutils-equivalence/1.0/jackson-coreutils-equivalence-1.0.jar:/Users/lauritz/.m2/repository/com/github/java-json-tools/jackson-coreutils/2.0/jackson-coreutils-2.0.jar:/Users/lauritz/.m2/repository/com/github/java-json-tools/msg-simple/1.2/msg-simple-1.2.jar:/Users/lauritz/.m2/repository/com/github/java-json-tools/btf/1.3/btf-1.3.jar:/Users/lauritz/.m2/repository/com/github/java-json-tools/json-schema-core/1.2.14/json-schema-core-1.2.14.jar:/Users/lauritz/.m2/repository/com/github/java-json-tools/uri-template/0.10/uri-template-0.10.jar:/Users/lauritz/.m2/repository/org/mozilla/rhino/1.7.7.2/rhino-1.7.7.2.jar:/Users/lauritz/.m2/repository/com/sun/mail/mailapi/1.6.2/mailapi-1.6.2.jar:/Users/lauritz/.m2/repository/joda-time/joda-time/2.10.5/joda-time-2.10.5.jar:/Users/lauritz/.m2/repository/com/googlecode/libphonenumber/libphonenumber/8.11.1/libphonenumber-8.11.1.jar:/Users/lauritz/.m2/repository/com/google/code/findbugs/jsr305/3.0.2/jsr305-3.0.2.jar:/Users/lauritz/.m2/repository/net/sf/jopt-simple/jopt-simple/5.0.4/jopt-simple-5.0.4.jar:/Users/lauritz/.m2/repository/com/google/guava/guava/32.0.1-jre/guava-32.0.1-jre.jar:/Users/lauritz/.m2/repository/com/google/guava/failureaccess/1.0.1/failureaccess-1.0.1.jar:/Users/lauritz/.m2/repository/com/google/guava/listenablefuture/9999.0-empty-to-avoid-conflict-with-guava/listenablefuture-9999.0-empty-to-avoid-conflict-with-guava.jar:/Users/lauritz/.m2/repository/com/google/errorprone/error_prone_annotations/2.18.0/error_prone_annotations-2.18.0.jar:/Users/lauritz/.m2/repository/com/google/j2objc/j2objc-annotations/2.8/j2objc-annotations-2.8.jar:/Users/lauritz/.m2/repository/org/mindrot/jbcrypt/0.4/jbcrypt-0.4.jar:/Users/lauritz/.m2/repository/com/nimbusds/nimbus-jose-jwt/9.10/nimbus-jose-jwt-9.10.jar:/Users/lauritz/.m2/repository/com/github/stephenc/jcip/jcip-annotations/1.0-1/jcip-annotations-1.0-1.jar:/Users/lauritz/.m2/repository/org/junit/jupiter/junit-jupiter-api/5.7.2/junit-jupiter-api-5.7.2.jar:/Users/lauritz/.m2/repository/org/apiguardian/apiguardian-api/1.1.0/apiguardian-api-1.1.0.jar:/Users/lauritz/.m2/repository/org/opentest4j/opentest4j/1.2.0/opentest4j-1.2.0.jar:/Users/lauritz/.m2/repository/org/junit/platform/junit-platform-commons/1.7.2/junit-platform-commons-1.7.2.jar:/Users/lauritz/.m2/repository/org/junit/jupiter/junit-jupiter-engine/5.7.2/junit-jupiter-engine-5.7.2.jar:/Users/lauritz/.m2/repository/org/junit/platform/junit-platform-engine/1.7.2/junit-platform-engine-1.7.2.jar:/Users/lauritz/.m2/repository/org/junit/jupiter/junit-jupiter-params/5.7.2/junit-jupiter-params-5.7.2.jar:/Users/lauritz/.m2/repository/org/hamcrest/hamcrest-library/1.3/hamcrest-library-1.3.jar:/Users/lauritz/.m2/repository/org/hamcrest/hamcrest-core/1.3/hamcrest-core-1.3.jar:/Users/lauritz/.m2/repository/org/testcontainers/testcontainers/1.19.5/testcontainers-1.19.5.jar:/Users/lauritz/.m2/repository/junit/junit/4.13.2/junit-4.13.2.jar:/Users/lauritz/.m2/repository/org/apache/commons/commons-compress/1.24.0/commons-compress-1.24.0.jar:/Users/lauritz/.m2/repository/org/rnorth/duct-tape/duct-tape/1.0.8/duct-tape-1.0.8.jar:/Users/lauritz/.m2/repository/org/jetbrains/annotations/17.0.0/annotations-17.0.0.jar:/Users/lauritz/.m2/repository/com/github/docker-java/docker-java-api/3.3.4/docker-java-api-3.3.4.jar:/Users/lauritz/.m2/repository/com/github/docker-java/docker-java-transport-zerodep/3.3.4/docker-java-transport-zerodep-3.3.4.jar:/Users/lauritz/.m2/repository/com/github/docker-java/docker-java-transport/3.3.4/docker-java-transport-3.3.4.jar:/Users/lauritz/.m2/repository/net/java/dev/jna/jna/5.13.0/jna-5.13.0.jar:/Users/lauritz/.m2/repository/org/testcontainers/postgresql/1.19.5/postgresql-1.19.5.jar:/Users/lauritz/.m2/repository/org/testcontainers/jdbc/1.19.5/jdbc-1.19.5.jar:/Users/lauritz/.m2/repository/org/testcontainers/database-commons/1.19.5/database-commons-1.19.5.jar:/Users/lauritz/.m2/repository/org/testcontainers/junit-jupiter/1.19.5/junit-jupiter-1.19.5.jar:"/>
    <property name="sun.cpu.endian" value="little"/>
    <property name="user.home" value="/Users/lauritz"/>
    <property name="user.language" value="en"/>
    <property name="java.specification.vendor" value="Oracle Corporation"/>
    <property name="java.version.date" value="2024-04-16"/>
    <property name="java.home" value="/opt/homebrew/Cellar/openjdk/21.0.3/libexec/openjdk.jdk/Contents/Home"/>
    <property name="file.separator" value="/"/>
    <property name="basedir" value="/Users/lauritz/Documents/Dev/CodeProjects/NotesApplication/Notes-Backend"/>
    <property name="java.vm.compressedOopsMode" value="Zero based"/>
    <property name="line.separator" value="&#10;"/>
    <property name="java.vm.specification.vendor" value="Oracle Corporation"/>
    <property name="java.specification.name" value="Java Platform API Specification"/>
    <property name="apple.awt.application.name" value="ForkedBooter"/>
    <property name="surefire.real.class.path" value="/Users/lauritz/Documents/Dev/CodeProjects/NotesApplication/Notes-Backend/target/surefire/surefirebooter-20240530230803942_3.jar"/>
    <property name="sun.management.compiler" value="HotSpot 64-Bit Tiered Compilers"/>
    <property name="ftp.nonProxyHosts" value="local|*.local|169.254/16|*.169.254/16"/>
    <property name="java.runtime.version" value="21.0.3"/>
    <property name="user.name" value="lauritz"/>
    <property name="stdout.encoding" value="UTF-8"/>
    <property name="path.separator" value=":"/>
    <property name="os.version" value="14.4.1"/>
    <property name="java.runtime.name" value="OpenJDK Runtime Environment"/>
    <property name="file.encoding" value="UTF-8"/>
    <property name="java.vm.name" value="OpenJDK 64-Bit Server VM"/>
    <property name="java.vendor.version" value="Homebrew"/>
    <property name="localRepository" value="/Users/lauritz/.m2/repository"/>
    <property name="java.vendor.url.bug" value="https://github.com/Homebrew/homebrew-core/issues"/>
    <property name="jetty.git.hash" value="5bc5e562c8d05c5862505aebe5cf83a61bdbcb96"/>
    <property name="java.io.tmpdir" value="/var/folders/f9/7f43fyf17qs1byq2z1prrg4w0000gn/T/"/>
    <property name="java.version" value="21.0.3"/>
    <property name="user.dir" value="/Users/lauritz/Documents/Dev/CodeProjects/NotesApplication/Notes-Backend"/>
    <property name="os.arch" value="aarch64"/>
    <property name="java.vm.specification.name" value="Java Virtual Machine Specification"/>
    <property name="native.encoding" value="UTF-8"/>
    <property name="java.library.path" value="/Users/lauritz/Library/Java/Extensions:/Library/Java/Extensions:/Network/Library/Java/Extensions:/System/Library/Java/Extensions:/usr/lib/java:."/>
    <property name="java.vm.info" value="mixed mode, sharing"/>
    <property name="stderr.encoding" value="UTF-8"/>
    <property name="java.vendor" value="Homebrew"/>
    <property name="java.vm.version" value="21.0.3"/>
    <property name="sun.io.unicode.encoding" value="UnicodeBig"/>
    <property name="socksNonProxyHosts" value="local|*.local|169.254/16|*.169.254/16"/>
    <property name="java.class.version" value="65.0"/>
  </properties>
  <testcase name="userTryesToAccessAdmin" classname="notes.security.SecurityTests" time="0.932">
    <system-out><![CDATA[Hibernate: 
    alter table if exists Note_users 
       drop constraint if exists FK2mm3shueu8vw7a60pm4wwq5lq
Hibernate: 
    alter table if exists Note_users 
       drop constraint if exists FK1k56vaugtcfw6bu4tuo7g2xo5
Hibernate: 
    alter table if exists user_roles 
       drop constraint if exists FK53v9b6vwc56nm9llvcdhs8y8f
Hibernate: 
    alter table if exists user_roles 
       drop constraint if exists FKscvbq0n9bo03s7w6ujfyrtg4a
Hibernate: 
    drop table if exists Note cascade
Hibernate: 
    drop table if exists Note_users cascade
Hibernate: 
    drop table if exists role cascade
Hibernate: 
    drop table if exists user_roles cascade
Hibernate: 
    drop table if exists users cascade
Hibernate: 
    create table Note (
        category smallint check (category between 0 and 1),
        date date,
        id serial not null,
        lastEditDate date,
        content varchar(255),
        title varchar(255),
        primary key (id)
    )
Hibernate: 
    create table Note_users (
        notes_id integer not null,
        users_email varchar(255) not null,
        primary key (notes_id, users_email)
    )
Hibernate: 
    create table role (
        name varchar(255) not null,
        primary key (name)
    )
Hibernate: 
    create table user_roles (
        role_name varchar(255) not null,
        user_name varchar(255) not null,
        primary key (role_name, user_name)
    )
Hibernate: 
    create table users (
        email varchar(255) not null,
        password varchar(255),
        primary key (email)
    )
Hibernate: 
    alter table if exists Note_users 
       add constraint FK2mm3shueu8vw7a60pm4wwq5lq 
       foreign key (users_email) 
       references users
Hibernate: 
    alter table if exists Note_users 
       add constraint FK1k56vaugtcfw6bu4tuo7g2xo5 
       foreign key (notes_id) 
       references Note
Hibernate: 
    alter table if exists user_roles 
       add constraint FK53v9b6vwc56nm9llvcdhs8y8f 
       foreign key (role_name) 
       references role
Hibernate: 
    alter table if exists user_roles 
       add constraint FKscvbq0n9bo03s7w6ujfyrtg4a 
       foreign key (user_name) 
       references users
Hibernate: 
    /* DELETE 
    FROM
        Note n */ delete 
    from
        Note_users
Hibernate: 
    /* DELETE 
    FROM
        Note n */ delete 
    from
        Note
Hibernate: 
    /* dynamic native SQL query */ ALTER SEQUENCE note_id_seq RESTART WITH 1
Hibernate: 
    /* insert for
        notes.ressources.Note */insert 
    into
        Note (category,content,date,lastEditDate,title) 
    values
        (?,?,?,?,?)
Hibernate: 
    /* insert for
        notes.ressources.Note */insert 
    into
        Note (category,content,date,lastEditDate,title) 
    values
        (?,?,?,?,?)
Hibernate: 
    /* insert for
        notes.ressources.Note */insert 
    into
        Note (category,content,date,lastEditDate,title) 
    values
        (?,?,?,?,?)
Hibernate: 
    /* insert for
        notes.ressources.Note */insert 
    into
        Note (category,content,date,lastEditDate,title) 
    values
        (?,?,?,?,?)
Hibernate: 
    /* DELETE 
    FROM
        User */ delete 
    from
        Note_users
Hibernate: 
    /* DELETE 
    FROM
        User */ delete 
    from
        user_roles
Hibernate: 
    /* DELETE 
    FROM
        User */ delete 
    from
        users
Hibernate: 
    /* DELETE 
    FROM
        Role */ delete 
    from
        user_roles
Hibernate: 
    /* DELETE 
    FROM
        Role */ delete 
    from
        role
Hibernate: 
    /* insert for
        notes.ressources.Role */insert 
    into
        role (name) 
    values
        (?)
Hibernate: 
    /* insert for
        notes.ressources.Role */insert 
    into
        role (name) 
    values
        (?)
Hibernate: 
    /* insert for
        notes.ressources.User */insert 
    into
        users (password,email) 
    values
        (?,?)
Hibernate: 
    /* insert for
        notes.ressources.User */insert 
    into
        users (password,email) 
    values
        (?,?)
Hibernate: 
    /* insert for
        notes.ressources.Note.users */insert 
    into
        Note_users (notes_id,users_email) 
    values
        (?,?)
Hibernate: 
    /* insert for
        notes.ressources.Note.users */insert 
    into
        Note_users (notes_id,users_email) 
    values
        (?,?)
Hibernate: 
    /* insert for
        notes.ressources.User.roles */insert 
    into
        user_roles (user_name,role_name) 
    values
        (?,?)
Hibernate: 
    /* insert for
        notes.ressources.User.roles */insert 
    into
        user_roles (user_name,role_name) 
    values
        (?,?)
USER IN LOGIN: UserDTO(email=user, password=user, roles=null)
Hibernate: 
    select
        u1_0.email,
        n1_0.users_email,
        n1_1.id,
        n1_1.category,
        n1_1.content,
        n1_1.date,
        n1_1.lastEditDate,
        n1_1.title,
        u1_0.password,
        r1_0.user_name,
        r1_1.name 
    from
        users u1_0 
    left join
        (Note_users n1_0 
    join
        Note n1_1 
            on n1_1.id=n1_0.notes_id) 
                on u1_0.email=n1_0.users_email 
        left join
            (user_roles r1_0 
        join
            role r1_1 
                on r1_1.name=r1_0.role_name) 
                    on u1_0.email=r1_0.user_name 
            where
                u1_0.email=?
Hibernate: 
    select
        u1_0.notes_id,
        u1_1.email,
        u1_1.password,
        r1_0.user_name,
        r1_1.name 
    from
        Note_users u1_0 
    join
        users u1_1 
            on u1_1.email=u1_0.users_email 
    left join
        (user_roles r1_0 
    join
        role r1_1 
            on r1_1.name=r1_0.role_name) 
                on u1_1.email=r1_0.user_name 
        where
            u1_0.notes_id=?
Hibernate: 
    select
        u1_0.role_name,
        u1_1.email,
        n1_0.users_email,
        n1_1.id,
        n1_1.category,
        n1_1.content,
        n1_1.date,
        n1_1.lastEditDate,
        n1_1.title,
        u1_1.password 
    from
        user_roles u1_0 
    join
        users u1_1 
            on u1_1.email=u1_0.user_name 
    left join
        (Note_users n1_0 
    join
        Note n1_1 
            on n1_1.id=n1_0.notes_id) 
                on u1_1.email=n1_0.users_email 
        where
            u1_0.role_name=?
Hibernate: 
    select
        u1_0.notes_id,
        u1_1.email,
        u1_1.password,
        r1_0.user_name,
        r1_1.name 
    from
        Note_users u1_0 
    join
        users u1_1 
            on u1_1.email=u1_0.users_email 
    left join
        (user_roles r1_0 
    join
        role r1_1 
            on r1_1.name=r1_0.role_name) 
                on u1_1.email=r1_0.user_name 
        where
            u1_0.notes_id=?
HTTP/1.1 200 OK
Date: Thu, 30 May 2024 21:08:07 GMT
Content-Type: application/json
Content-Length: 211

{"token":"eyJhbGciOiJIUzI1NiJ9.eyJpc3MiOiJEYXZpZCBBamtlbiBIYW5zZW4iLCJzdWIiOiJ1c2VyIiwiZXhwIjoxNzE3MTA1MDg3LCJlbWFpbCI6InVzZXIiLCJyb2xlcyI6Iix1c2VyIn0.e5i1_otp2wkE-EOfTvql-7XofqQNcpY87EghcJhNIOk","email":"user"}
USER IN AUTHENTICATE: UserDTO(email=user, password=null, roles=[, user])
USER IN CHECK_SEC_ROLES: UserDTO(email=user, password=null, roles=[, user])
Date: Thu, 30 May 2024 21:08:07 GMT
Content-Type: application/json
Content-Length: 51
{
    "errrorMessage": "Unauthorized with roles: [USER]"
}
]]></system-out>
    <system-err><![CDATA[May 30, 2024 11:08:04 PM org.hibernate.Version logVersion
INFO: HHH000412: Hibernate ORM core version 6.2.4.Final
May 30, 2024 11:08:04 PM org.hibernate.cfg.Environment <clinit>
INFO: HHH000406: Using bytecode reflection optimizer
May 30, 2024 11:08:04 PM org.hibernate.engine.jdbc.connections.internal.DriverManagerConnectionProviderImpl configure
WARN: HHH10001002: Using built-in connection pool (not intended for production use)
May 30, 2024 11:08:04 PM org.hibernate.engine.jdbc.connections.internal.DriverManagerConnectionProviderImpl buildCreator
INFO: HHH10001005: Loaded JDBC driver class: org.testcontainers.jdbc.ContainerDatabaseDriver
May 30, 2024 11:08:04 PM org.hibernate.engine.jdbc.connections.internal.DriverManagerConnectionProviderImpl buildCreator
INFO: HHH10001012: Connecting with JDBC URL [jdbc:tc:postgresql:15.3-alpine3.18:///test_db]
May 30, 2024 11:08:04 PM org.hibernate.engine.jdbc.connections.internal.DriverManagerConnectionProviderImpl buildCreator
INFO: HHH10001001: Connection properties: {password=****, user=postgres}
May 30, 2024 11:08:04 PM org.hibernate.engine.jdbc.connections.internal.DriverManagerConnectionProviderImpl buildCreator
INFO: HHH10001003: Autocommit mode: false
May 30, 2024 11:08:04 PM org.hibernate.engine.jdbc.connections.internal.DriverManagerConnectionProviderImpl$PooledConnections <init>
INFO: HHH10001115: Connection pool size: 20 (min=1)
[main] INFO org.testcontainers.images.PullPolicy - Image pull policy will be performed by: DefaultPullPolicy()
[main] INFO org.testcontainers.utility.ImageNameSubstitutor - Image name substitution will be performed by: DefaultImageNameSubstitutor (composite of 'ConfigurationFileImageNameSubstitutor' and 'PrefixingImageNameSubstitutor')
[main] INFO org.testcontainers.dockerclient.DockerClientProviderStrategy - Loaded org.testcontainers.dockerclient.UnixSocketClientProviderStrategy from ~/.testcontainers.properties, will try it first
[main] INFO org.testcontainers.dockerclient.DockerClientProviderStrategy - Found Docker environment with local Unix socket (unix:///var/run/docker.sock)
[main] INFO org.testcontainers.DockerClientFactory - Docker host IP address is localhost
[main] INFO org.testcontainers.DockerClientFactory - Connected to docker: 
  Server Version: 25.0.3
  API Version: 1.44
  Operating System: Docker Desktop
  Total Memory: 7841 MB
[main] INFO tc.testcontainers/ryuk:0.6.0 - Creating container for image: testcontainers/ryuk:0.6.0
[main] INFO org.testcontainers.utility.RegistryAuthLocator - Credential helper/store (docker-credential-desktop) does not have credentials for https://index.docker.io/v1/
[main] INFO tc.testcontainers/ryuk:0.6.0 - Container testcontainers/ryuk:0.6.0 is starting: fd2873026542f84dc0456f3bd94fad7bb976f6202786e460e3e84d1f2d04e04f
[main] INFO tc.testcontainers/ryuk:0.6.0 - Container testcontainers/ryuk:0.6.0 started in PT0.357043S
[main] INFO org.testcontainers.utility.RyukResourceReaper - Ryuk started - will monitor and terminate Testcontainers containers on JVM exit
[main] INFO org.testcontainers.DockerClientFactory - Checking the system...
[main] INFO org.testcontainers.DockerClientFactory - ✔︎ Docker server version should be at least 1.6.0
[main] INFO tc.postgres:15.3-alpine3.18 - Creating container for image: postgres:15.3-alpine3.18
[main] INFO tc.postgres:15.3-alpine3.18 - Container postgres:15.3-alpine3.18 is starting: e4e3312078015ba1bebbf9dfb913e8c40cae860da72c329d916052d04026f369
[main] INFO tc.postgres:15.3-alpine3.18 - Container postgres:15.3-alpine3.18 started in PT0.770236S
[main] INFO tc.postgres:15.3-alpine3.18 - Container is started (JDBC URL: jdbc:postgresql://localhost:57043/test?loggerLevel=OFF)
May 30, 2024 11:08:06 PM org.hibernate.bytecode.internal.BytecodeProviderInitiator buildBytecodeProvider
INFO: HHH000021: Bytecode provider name : bytebuddy
May 30, 2024 11:08:06 PM org.hibernate.resource.transaction.backend.jdbc.internal.DdlTransactionIsolatorNonJtaImpl getIsolatedConnection
INFO: HHH10001501: Connection obtained from JdbcConnectionAccess [org.hibernate.engine.jdbc.env.internal.JdbcEnvironmentInitiator$ConnectionProviderJdbcConnectionAccess@d978ab9] for (non-JTA) DDL execution was not in auto-commit mode; the Connection 'local transaction' will be committed and the Connection will be set into auto-commit mode.
May 30, 2024 11:08:06 PM org.hibernate.engine.jdbc.spi.SqlExceptionHelper$StandardWarningHandler logWarning
WARN: SQL Warning Code: 0, SQLState: 00000
May 30, 2024 11:08:06 PM org.hibernate.engine.jdbc.spi.SqlExceptionHelper$StandardWarningHandler logWarning
WARN: relation "note_users" does not exist, skipping
May 30, 2024 11:08:06 PM org.hibernate.engine.jdbc.spi.SqlExceptionHelper$StandardWarningHandler logWarning
WARN: SQL Warning Code: 0, SQLState: 00000
May 30, 2024 11:08:06 PM org.hibernate.engine.jdbc.spi.SqlExceptionHelper$StandardWarningHandler logWarning
WARN: relation "note_users" does not exist, skipping
May 30, 2024 11:08:06 PM org.hibernate.engine.jdbc.spi.SqlExceptionHelper$StandardWarningHandler logWarning
WARN: SQL Warning Code: 0, SQLState: 00000
May 30, 2024 11:08:06 PM org.hibernate.engine.jdbc.spi.SqlExceptionHelper$StandardWarningHandler logWarning
WARN: relation "user_roles" does not exist, skipping
May 30, 2024 11:08:06 PM org.hibernate.engine.jdbc.spi.SqlExceptionHelper$StandardWarningHandler logWarning
WARN: SQL Warning Code: 0, SQLState: 00000
May 30, 2024 11:08:06 PM org.hibernate.engine.jdbc.spi.SqlExceptionHelper$StandardWarningHandler logWarning
WARN: relation "user_roles" does not exist, skipping
May 30, 2024 11:08:06 PM org.hibernate.engine.jdbc.spi.SqlExceptionHelper$StandardWarningHandler logWarning
WARN: SQL Warning Code: 0, SQLState: 00000
May 30, 2024 11:08:06 PM org.hibernate.engine.jdbc.spi.SqlExceptionHelper$StandardWarningHandler logWarning
WARN: table "note" does not exist, skipping
May 30, 2024 11:08:06 PM org.hibernate.engine.jdbc.spi.SqlExceptionHelper$StandardWarningHandler logWarning
WARN: SQL Warning Code: 0, SQLState: 00000
May 30, 2024 11:08:06 PM org.hibernate.engine.jdbc.spi.SqlExceptionHelper$StandardWarningHandler logWarning
WARN: table "note_users" does not exist, skipping
May 30, 2024 11:08:06 PM org.hibernate.engine.jdbc.spi.SqlExceptionHelper$StandardWarningHandler logWarning
WARN: SQL Warning Code: 0, SQLState: 00000
May 30, 2024 11:08:06 PM org.hibernate.engine.jdbc.spi.SqlExceptionHelper$StandardWarningHandler logWarning
WARN: table "role" does not exist, skipping
May 30, 2024 11:08:06 PM org.hibernate.engine.jdbc.spi.SqlExceptionHelper$StandardWarningHandler logWarning
WARN: SQL Warning Code: 0, SQLState: 00000
May 30, 2024 11:08:06 PM org.hibernate.engine.jdbc.spi.SqlExceptionHelper$StandardWarningHandler logWarning
WARN: table "user_roles" does not exist, skipping
May 30, 2024 11:08:06 PM org.hibernate.engine.jdbc.spi.SqlExceptionHelper$StandardWarningHandler logWarning
WARN: SQL Warning Code: 0, SQLState: 00000
May 30, 2024 11:08:06 PM org.hibernate.engine.jdbc.spi.SqlExceptionHelper$StandardWarningHandler logWarning
WARN: table "users" does not exist, skipping
May 30, 2024 11:08:06 PM org.hibernate.resource.transaction.backend.jdbc.internal.DdlTransactionIsolatorNonJtaImpl getIsolatedConnection
INFO: HHH10001501: Connection obtained from JdbcConnectionAccess [org.hibernate.engine.jdbc.env.internal.JdbcEnvironmentInitiator$ConnectionProviderJdbcConnectionAccess@199806aa] for (non-JTA) DDL execution was not in auto-commit mode; the Connection 'local transaction' will be committed and the Connection will be set into auto-commit mode.
[main] INFO io.javalin.Javalin - Starting Javalin ...
[main] INFO org.eclipse.jetty.server.Server - jetty-11.0.15; built: 2023-04-11T18:37:53.775Z; git: 5bc5e562c8d05c5862505aebe5cf83a61bdbcb96; jvm 21.0.3
[main] INFO org.eclipse.jetty.server.session.DefaultSessionIdManager - Session workerName=node0
[main] INFO org.eclipse.jetty.server.handler.ContextHandler - Started i.j.j.@52035328{/api,null,AVAILABLE}
[main] INFO org.eclipse.jetty.server.AbstractConnector - Started ServerConnector@15f11bfb{HTTP/1.1, (http/1.1)}{0.0.0.0:7070}
[main] INFO org.eclipse.jetty.server.Server - Started Server@41bbb219{STARTING}[11.0.15,sto=0] @2650ms
[main] INFO io.javalin.Javalin - 
       __                  ___          ______
      / /___ __   ______ _/ (_)___     / ____/
 __  / / __ `/ | / / __ `/ / / __ \   /___ \
/ /_/ / /_/ /| |/ / /_/ / / / / / /  ____/ /
\____/\__,_/ |___/\__,_/_/_/_/ /_/  /_____/

       https://javalin.io/documentation

[main] INFO io.javalin.Javalin - Your JDK supports Loom. Javalin will prefer Virtual Threads by default. Disable with `ConcurrencyUtil.useLoom = false`.
[main] INFO io.javalin.Javalin - Listening on http://localhost:7070/api
[main] INFO io.javalin.Javalin - You are running Javalin 5.5.0 (released May 1, 2023. Your Javalin version is 395 days old. Consider checking for a newer version.).
[main] INFO io.javalin.Javalin - Javalin started in 69ms \o/
]]></system-err>
  </testcase>
  <testcase name="login" classname="notes.security.SecurityTests" time="0.24">
    <system-out><![CDATA[Hibernate: 
    /* DELETE 
    FROM
        Note n */ delete 
    from
        Note_users
Hibernate: 
    /* DELETE 
    FROM
        Note n */ delete 
    from
        Note
Hibernate: 
    /* dynamic native SQL query */ ALTER SEQUENCE note_id_seq RESTART WITH 1
Hibernate: 
    /* insert for
        notes.ressources.Note */insert 
    into
        Note (category,content,date,lastEditDate,title) 
    values
        (?,?,?,?,?)
Hibernate: 
    /* insert for
        notes.ressources.Note */insert 
    into
        Note (category,content,date,lastEditDate,title) 
    values
        (?,?,?,?,?)
Hibernate: 
    /* insert for
        notes.ressources.Note */insert 
    into
        Note (category,content,date,lastEditDate,title) 
    values
        (?,?,?,?,?)
Hibernate: 
    /* insert for
        notes.ressources.Note */insert 
    into
        Note (category,content,date,lastEditDate,title) 
    values
        (?,?,?,?,?)
Hibernate: 
    /* DELETE 
    FROM
        User */ delete 
    from
        Note_users
Hibernate: 
    /* DELETE 
    FROM
        User */ delete 
    from
        user_roles
Hibernate: 
    /* DELETE 
    FROM
        User */ delete 
    from
        users
Hibernate: 
    /* DELETE 
    FROM
        Role */ delete 
    from
        user_roles
Hibernate: 
    /* DELETE 
    FROM
        Role */ delete 
    from
        role
Hibernate: 
    /* insert for
        notes.ressources.Role */insert 
    into
        role (name) 
    values
        (?)
Hibernate: 
    /* insert for
        notes.ressources.Role */insert 
    into
        role (name) 
    values
        (?)
Hibernate: 
    /* insert for
        notes.ressources.User */insert 
    into
        users (password,email) 
    values
        (?,?)
Hibernate: 
    /* insert for
        notes.ressources.User */insert 
    into
        users (password,email) 
    values
        (?,?)
Hibernate: 
    /* insert for
        notes.ressources.Note.users */insert 
    into
        Note_users (notes_id,users_email) 
    values
        (?,?)
Hibernate: 
    /* insert for
        notes.ressources.Note.users */insert 
    into
        Note_users (notes_id,users_email) 
    values
        (?,?)
Hibernate: 
    /* insert for
        notes.ressources.User.roles */insert 
    into
        user_roles (user_name,role_name) 
    values
        (?,?)
Hibernate: 
    /* insert for
        notes.ressources.User.roles */insert 
    into
        user_roles (user_name,role_name) 
    values
        (?,?)
USER IN LOGIN: UserDTO(email=user, password=user, roles=null)
Hibernate: 
    select
        u1_0.email,
        n1_0.users_email,
        n1_1.id,
        n1_1.category,
        n1_1.content,
        n1_1.date,
        n1_1.lastEditDate,
        n1_1.title,
        u1_0.password,
        r1_0.user_name,
        r1_1.name 
    from
        users u1_0 
    left join
        (Note_users n1_0 
    join
        Note n1_1 
            on n1_1.id=n1_0.notes_id) 
                on u1_0.email=n1_0.users_email 
        left join
            (user_roles r1_0 
        join
            role r1_1 
                on r1_1.name=r1_0.role_name) 
                    on u1_0.email=r1_0.user_name 
            where
                u1_0.email=?
Hibernate: 
    select
        u1_0.notes_id,
        u1_1.email,
        u1_1.password,
        r1_0.user_name,
        r1_1.name 
    from
        Note_users u1_0 
    join
        users u1_1 
            on u1_1.email=u1_0.users_email 
    left join
        (user_roles r1_0 
    join
        role r1_1 
            on r1_1.name=r1_0.role_name) 
                on u1_1.email=r1_0.user_name 
        where
            u1_0.notes_id=?
Hibernate: 
    select
        u1_0.role_name,
        u1_1.email,
        n1_0.users_email,
        n1_1.id,
        n1_1.category,
        n1_1.content,
        n1_1.date,
        n1_1.lastEditDate,
        n1_1.title,
        u1_1.password 
    from
        user_roles u1_0 
    join
        users u1_1 
            on u1_1.email=u1_0.user_name 
    left join
        (Note_users n1_0 
    join
        Note n1_1 
            on n1_1.id=n1_0.notes_id) 
                on u1_1.email=n1_0.users_email 
        where
            u1_0.role_name=?
Hibernate: 
    select
        u1_0.notes_id,
        u1_1.email,
        u1_1.password,
        r1_0.user_name,
        r1_1.name 
    from
        Note_users u1_0 
    join
        users u1_1 
            on u1_1.email=u1_0.users_email 
    left join
        (user_roles r1_0 
    join
        role r1_1 
            on r1_1.name=r1_0.role_name) 
                on u1_1.email=r1_0.user_name 
        where
            u1_0.notes_id=?
{
    "token": "eyJhbGciOiJIUzI1NiJ9.eyJpc3MiOiJEYXZpZCBBamtlbiBIYW5zZW4iLCJzdWIiOiJ1c2VyIiwiZXhwIjoxNzE3MTA1MDg3LCJlbWFpbCI6InVzZXIiLCJyb2xlcyI6Iix1c2VyIn0.e5i1_otp2wkE-EOfTvql-7XofqQNcpY87EghcJhNIOk",
    "email": "user"
}
]]></system-out>
  </testcase>
  <testcase name="protectedAdmin" classname="notes.security.SecurityTests" time="0.234">
    <system-out><![CDATA[Hibernate: 
    /* DELETE 
    FROM
        Note n */ delete 
    from
        Note_users
Hibernate: 
    /* DELETE 
    FROM
        Note n */ delete 
    from
        Note
Hibernate: 
    /* dynamic native SQL query */ ALTER SEQUENCE note_id_seq RESTART WITH 1
Hibernate: 
    /* insert for
        notes.ressources.Note */insert 
    into
        Note (category,content,date,lastEditDate,title) 
    values
        (?,?,?,?,?)
Hibernate: 
    /* insert for
        notes.ressources.Note */insert 
    into
        Note (category,content,date,lastEditDate,title) 
    values
        (?,?,?,?,?)
Hibernate: 
    /* insert for
        notes.ressources.Note */insert 
    into
        Note (category,content,date,lastEditDate,title) 
    values
        (?,?,?,?,?)
Hibernate: 
    /* insert for
        notes.ressources.Note */insert 
    into
        Note (category,content,date,lastEditDate,title) 
    values
        (?,?,?,?,?)
Hibernate: 
    /* DELETE 
    FROM
        User */ delete 
    from
        Note_users
Hibernate: 
    /* DELETE 
    FROM
        User */ delete 
    from
        user_roles
Hibernate: 
    /* DELETE 
    FROM
        User */ delete 
    from
        users
Hibernate: 
    /* DELETE 
    FROM
        Role */ delete 
    from
        user_roles
Hibernate: 
    /* DELETE 
    FROM
        Role */ delete 
    from
        role
Hibernate: 
    /* insert for
        notes.ressources.Role */insert 
    into
        role (name) 
    values
        (?)
Hibernate: 
    /* insert for
        notes.ressources.Role */insert 
    into
        role (name) 
    values
        (?)
Hibernate: 
    /* insert for
        notes.ressources.User */insert 
    into
        users (password,email) 
    values
        (?,?)
Hibernate: 
    /* insert for
        notes.ressources.User */insert 
    into
        users (password,email) 
    values
        (?,?)
Hibernate: 
    /* insert for
        notes.ressources.Note.users */insert 
    into
        Note_users (notes_id,users_email) 
    values
        (?,?)
Hibernate: 
    /* insert for
        notes.ressources.Note.users */insert 
    into
        Note_users (notes_id,users_email) 
    values
        (?,?)
Hibernate: 
    /* insert for
        notes.ressources.User.roles */insert 
    into
        user_roles (user_name,role_name) 
    values
        (?,?)
Hibernate: 
    /* insert for
        notes.ressources.User.roles */insert 
    into
        user_roles (user_name,role_name) 
    values
        (?,?)
USER IN LOGIN: UserDTO(email=admin, password=admin, roles=null)
Hibernate: 
    select
        u1_0.email,
        n1_0.users_email,
        n1_1.id,
        n1_1.category,
        n1_1.content,
        n1_1.date,
        n1_1.lastEditDate,
        n1_1.title,
        u1_0.password,
        r1_0.user_name,
        r1_1.name 
    from
        users u1_0 
    left join
        (Note_users n1_0 
    join
        Note n1_1 
            on n1_1.id=n1_0.notes_id) 
                on u1_0.email=n1_0.users_email 
        left join
            (user_roles r1_0 
        join
            role r1_1 
                on r1_1.name=r1_0.role_name) 
                    on u1_0.email=r1_0.user_name 
            where
                u1_0.email=?
Hibernate: 
    select
        u1_0.role_name,
        u1_1.email,
        n1_0.users_email,
        n1_1.id,
        n1_1.category,
        n1_1.content,
        n1_1.date,
        n1_1.lastEditDate,
        n1_1.title,
        u1_1.password 
    from
        user_roles u1_0 
    join
        users u1_1 
            on u1_1.email=u1_0.user_name 
    left join
        (Note_users n1_0 
    join
        Note n1_1 
            on n1_1.id=n1_0.notes_id) 
                on u1_1.email=n1_0.users_email 
        where
            u1_0.role_name=?
USER IN AUTHENTICATE: UserDTO(email=admin, password=null, roles=[, admin])
USER IN CHECK_SEC_ROLES: UserDTO(email=admin, password=null, roles=[, admin])
{
    "msg": "Hello from ADMIN Protected"
}
]]></system-out>
  </testcase>
  <testcase name="createUser" classname="notes.security.SecurityTests" time="0.227">
    <system-out><![CDATA[Hibernate: 
    /* DELETE 
    FROM
        Note n */ delete 
    from
        Note_users
Hibernate: 
    /* DELETE 
    FROM
        Note n */ delete 
    from
        Note
Hibernate: 
    /* dynamic native SQL query */ ALTER SEQUENCE note_id_seq RESTART WITH 1
Hibernate: 
    /* insert for
        notes.ressources.Note */insert 
    into
        Note (category,content,date,lastEditDate,title) 
    values
        (?,?,?,?,?)
Hibernate: 
    /* insert for
        notes.ressources.Note */insert 
    into
        Note (category,content,date,lastEditDate,title) 
    values
        (?,?,?,?,?)
Hibernate: 
    /* insert for
        notes.ressources.Note */insert 
    into
        Note (category,content,date,lastEditDate,title) 
    values
        (?,?,?,?,?)
Hibernate: 
    /* insert for
        notes.ressources.Note */insert 
    into
        Note (category,content,date,lastEditDate,title) 
    values
        (?,?,?,?,?)
Hibernate: 
    /* DELETE 
    FROM
        User */ delete 
    from
        Note_users
Hibernate: 
    /* DELETE 
    FROM
        User */ delete 
    from
        user_roles
Hibernate: 
    /* DELETE 
    FROM
        User */ delete 
    from
        users
Hibernate: 
    /* DELETE 
    FROM
        Role */ delete 
    from
        user_roles
Hibernate: 
    /* DELETE 
    FROM
        Role */ delete 
    from
        role
Hibernate: 
    /* insert for
        notes.ressources.Role */insert 
    into
        role (name) 
    values
        (?)
Hibernate: 
    /* insert for
        notes.ressources.Role */insert 
    into
        role (name) 
    values
        (?)
Hibernate: 
    /* insert for
        notes.ressources.User */insert 
    into
        users (password,email) 
    values
        (?,?)
Hibernate: 
    /* insert for
        notes.ressources.User */insert 
    into
        users (password,email) 
    values
        (?,?)
Hibernate: 
    /* insert for
        notes.ressources.Note.users */insert 
    into
        Note_users (notes_id,users_email) 
    values
        (?,?)
Hibernate: 
    /* insert for
        notes.ressources.Note.users */insert 
    into
        Note_users (notes_id,users_email) 
    values
        (?,?)
Hibernate: 
    /* insert for
        notes.ressources.User.roles */insert 
    into
        user_roles (user_name,role_name) 
    values
        (?,?)
Hibernate: 
    /* insert for
        notes.ressources.User.roles */insert 
    into
        user_roles (user_name,role_name) 
    values
        (?,?)
Hibernate: 
    select
        r1_0.name,
        u1_0.role_name,
        u1_1.email,
        n1_0.users_email,
        n1_1.id,
        n1_1.category,
        n1_1.content,
        n1_1.date,
        n1_1.lastEditDate,
        n1_1.title,
        u1_1.password 
    from
        role r1_0 
    left join
        (user_roles u1_0 
    join
        users u1_1 
            on u1_1.email=u1_0.user_name) 
                on r1_0.name=u1_0.role_name 
        left join
            (Note_users n1_0 
        join
            Note n1_1 
                on n1_1.id=n1_0.notes_id) 
                    on u1_1.email=n1_0.users_email 
            where
                r1_0.name=?
Hibernate: 
    select
        u1_0.notes_id,
        u1_1.email,
        u1_1.password,
        r1_0.user_name,
        r1_1.name 
    from
        Note_users u1_0 
    join
        users u1_1 
            on u1_1.email=u1_0.users_email 
    left join
        (user_roles r1_0 
    join
        role r1_1 
            on r1_1.name=r1_0.role_name) 
                on u1_1.email=r1_0.user_name 
        where
            u1_0.notes_id=?
Hibernate: 
    select
        u1_0.notes_id,
        u1_1.email,
        u1_1.password,
        r1_0.user_name,
        r1_1.name 
    from
        Note_users u1_0 
    join
        users u1_1 
            on u1_1.email=u1_0.users_email 
    left join
        (user_roles r1_0 
    join
        role r1_1 
            on r1_1.name=r1_0.role_name) 
                on u1_1.email=r1_0.user_name 
        where
            u1_0.notes_id=?
Hibernate: 
    /* insert for
        notes.ressources.User */insert 
    into
        users (password,email) 
    values
        (?,?)
Hibernate: 
    /* insert for
        notes.ressources.User.roles */insert 
    into
        user_roles (user_name,role_name) 
    values
        (?,?)
HTTP/1.1 201 Created
Date: Thu, 30 May 2024 21:08:08 GMT
Content-Type: application/json
Content-Length: 215

{"token":"eyJhbGciOiJIUzI1NiJ9.eyJpc3MiOiJEYXZpZCBBamtlbiBIYW5zZW4iLCJzdWIiOiJ0ZXN0MSIsImV4cCI6MTcxNzEwNTA4OCwiZW1haWwiOiJ0ZXN0MSIsInJvbGVzIjoiLHVzZXIifQ.YeBkpaoFv4Gu5SH3PX0ixL4m7hHEzViTQTwnA3NhJWU","email":"test1"}
]]></system-out>
  </testcase>
  <testcase name="protectedUser" classname="notes.security.SecurityTests" time="0.234">
    <system-out><![CDATA[Hibernate: 
    /* DELETE 
    FROM
        Note n */ delete 
    from
        Note_users
Hibernate: 
    /* DELETE 
    FROM
        Note n */ delete 
    from
        Note
Hibernate: 
    /* dynamic native SQL query */ ALTER SEQUENCE note_id_seq RESTART WITH 1
Hibernate: 
    /* insert for
        notes.ressources.Note */insert 
    into
        Note (category,content,date,lastEditDate,title) 
    values
        (?,?,?,?,?)
Hibernate: 
    /* insert for
        notes.ressources.Note */insert 
    into
        Note (category,content,date,lastEditDate,title) 
    values
        (?,?,?,?,?)
Hibernate: 
    /* insert for
        notes.ressources.Note */insert 
    into
        Note (category,content,date,lastEditDate,title) 
    values
        (?,?,?,?,?)
Hibernate: 
    /* insert for
        notes.ressources.Note */insert 
    into
        Note (category,content,date,lastEditDate,title) 
    values
        (?,?,?,?,?)
Hibernate: 
    /* DELETE 
    FROM
        User */ delete 
    from
        Note_users
Hibernate: 
    /* DELETE 
    FROM
        User */ delete 
    from
        user_roles
Hibernate: 
    /* DELETE 
    FROM
        User */ delete 
    from
        users
Hibernate: 
    /* DELETE 
    FROM
        Role */ delete 
    from
        user_roles
Hibernate: 
    /* DELETE 
    FROM
        Role */ delete 
    from
        role
Hibernate: 
    /* insert for
        notes.ressources.Role */insert 
    into
        role (name) 
    values
        (?)
Hibernate: 
    /* insert for
        notes.ressources.Role */insert 
    into
        role (name) 
    values
        (?)
Hibernate: 
    /* insert for
        notes.ressources.User */insert 
    into
        users (password,email) 
    values
        (?,?)
Hibernate: 
    /* insert for
        notes.ressources.User */insert 
    into
        users (password,email) 
    values
        (?,?)
Hibernate: 
    /* insert for
        notes.ressources.Note.users */insert 
    into
        Note_users (notes_id,users_email) 
    values
        (?,?)
Hibernate: 
    /* insert for
        notes.ressources.Note.users */insert 
    into
        Note_users (notes_id,users_email) 
    values
        (?,?)
Hibernate: 
    /* insert for
        notes.ressources.User.roles */insert 
    into
        user_roles (user_name,role_name) 
    values
        (?,?)
Hibernate: 
    /* insert for
        notes.ressources.User.roles */insert 
    into
        user_roles (user_name,role_name) 
    values
        (?,?)
USER IN LOGIN: UserDTO(email=user, password=user, roles=null)
Hibernate: 
    select
        u1_0.email,
        n1_0.users_email,
        n1_1.id,
        n1_1.category,
        n1_1.content,
        n1_1.date,
        n1_1.lastEditDate,
        n1_1.title,
        u1_0.password,
        r1_0.user_name,
        r1_1.name 
    from
        users u1_0 
    left join
        (Note_users n1_0 
    join
        Note n1_1 
            on n1_1.id=n1_0.notes_id) 
                on u1_0.email=n1_0.users_email 
        left join
            (user_roles r1_0 
        join
            role r1_1 
                on r1_1.name=r1_0.role_name) 
                    on u1_0.email=r1_0.user_name 
            where
                u1_0.email=?
Hibernate: 
    select
        u1_0.notes_id,
        u1_1.email,
        u1_1.password,
        r1_0.user_name,
        r1_1.name 
    from
        Note_users u1_0 
    join
        users u1_1 
            on u1_1.email=u1_0.users_email 
    left join
        (user_roles r1_0 
    join
        role r1_1 
            on r1_1.name=r1_0.role_name) 
                on u1_1.email=r1_0.user_name 
        where
            u1_0.notes_id=?
Hibernate: 
    select
        u1_0.role_name,
        u1_1.email,
        n1_0.users_email,
        n1_1.id,
        n1_1.category,
        n1_1.content,
        n1_1.date,
        n1_1.lastEditDate,
        n1_1.title,
        u1_1.password 
    from
        user_roles u1_0 
    join
        users u1_1 
            on u1_1.email=u1_0.user_name 
    left join
        (Note_users n1_0 
    join
        Note n1_1 
            on n1_1.id=n1_0.notes_id) 
                on u1_1.email=n1_0.users_email 
        where
            u1_0.role_name=?
Hibernate: 
    select
        u1_0.notes_id,
        u1_1.email,
        u1_1.password,
        r1_0.user_name,
        r1_1.name 
    from
        Note_users u1_0 
    join
        users u1_1 
            on u1_1.email=u1_0.users_email 
    left join
        (user_roles r1_0 
    join
        role r1_1 
            on r1_1.name=r1_0.role_name) 
                on u1_1.email=r1_0.user_name 
        where
            u1_0.notes_id=?
USER IN AUTHENTICATE: UserDTO(email=user, password=null, roles=[, user])
USER IN CHECK_SEC_ROLES: UserDTO(email=user, password=null, roles=[, user])
{
    "msg": "Hello from USER Protected"
}
]]></system-out>
  </testcase>
</testsuite>